---------------------------------------------------------------
[2019-07-13T04:06:51+08:00] 34.212.92.138 GET aioq.cn/
[运行时间：0.020219s] [吞吐率：49.46req/s] [内存消耗：2,109.88kb] [文件加载：66]
[ info ] [ LANG ] /home/wwwroot/study/thinkphp/lang/zh-cn.php
[ info ] [ ROUTE ] array (
)
[ info ] [ HEADER ] array (
  'connection' => 'close',
  'accept-encoding' => 'gzip, deflate',
  'host' => 'aioq.cn',
  'user-agent' => 'Mozilla/5.0 (Macintosh; Intel Mac OS X 10_8_3) AppleWebKit/537.31 (KHTML, like Gecko) Chrome/26.0.1410.65 Safari/537.31',
  'content-type' => '',
  'content-length' => '',
)
[ info ] [ PARAM ] array (
)
[ error ] [0]模板文件不存在:/home/wwwroot/study/application/index/view/index/index.html[/home/wwwroot/study/thinkphp/library/think/view/driver/Think.php:86]
---------------------------------------------------------------
[2019-07-13T07:39:46+08:00] 51.68.152.26 GET aioq.cn/
[运行时间：0.019604s] [吞吐率：51.01req/s] [内存消耗：2,109.63kb] [文件加载：66]
[ info ] [ LANG ] /home/wwwroot/study/thinkphp/lang/zh-cn.php
[ info ] [ ROUTE ] array (
)
[ info ] [ HEADER ] array (
  'user-agent' => 'Mozilla/5.0 (X11; Linux x86_64) AppleWebKit/537.36 (KHTML, like Gecko) Chrome/67.0.3396.87 Safari/537.36 OPR/54.0.2952.60',
  'host' => 'aioq.cn',
  'content-type' => '',
  'content-length' => '',
)
[ info ] [ PARAM ] array (
)
[ error ] [0]模板文件不存在:/home/wwwroot/study/application/index/view/index/index.html[/home/wwwroot/study/thinkphp/library/think/view/driver/Think.php:86]
---------------------------------------------------------------
[2019-07-13T10:08:40+08:00] 101.132.126.80 GET aioq.cn/
[运行时间：0.019944s] [吞吐率：50.14req/s] [内存消耗：2,109.70kb] [文件加载：66]
[ info ] [ LANG ] /home/wwwroot/study/thinkphp/lang/zh-cn.php
[ info ] [ ROUTE ] array (
)
[ info ] [ HEADER ] array (
  'accept-encoding' => 'gzip',
  'connection' => 'Keep-Alive',
  'host' => 'aioq.cn',
  'user-agent' => 'Mozilla/5.0 (Linux; Android 4.1.1; Nexus 7 Build/JRO03D))',
  'content-type' => '',
  'content-length' => '',
)
[ info ] [ PARAM ] array (
)
[ error ] [0]模板文件不存在:/home/wwwroot/study/application/index/view/index/index.html[/home/wwwroot/study/thinkphp/library/think/view/driver/Think.php:86]
---------------------------------------------------------------
[2019-07-13T12:15:35+08:00] 123.55.58.41 GET aioq.cn/admin/Login/login
[运行时间：0.019708s] [吞吐率：50.74req/s] [内存消耗：2,063.90kb] [文件加载：64]
[ info ] [ LANG ] /home/wwwroot/study/thinkphp/lang/zh-cn.php
[ info ] [ ROUTE ] array (
)
[ info ] [ HEADER ] array (
  'cookie' => 'PHPSESSID=meuibssj8an3ubm032rv9567as',
  'accept-language' => 'zh-CN,zh;q=0.9',
  'accept-encoding' => 'gzip, deflate',
  'referer' => 'http://aioq.cn/admin/Login/login',
  'accept' => 'text/html,application/xhtml+xml,application/xml;q=0.9,image/webp,image/apng,*/*;q=0.8,application/signed-exchange;v=b3',
  'user-agent' => 'Mozilla/5.0 (Windows NT 10.0; Win64; x64) AppleWebKit/537.36 (KHTML, like Gecko) Chrome/75.0.3770.100 Safari/537.36',
  'upgrade-insecure-requests' => '1',
  'cache-control' => 'max-age=0',
  'connection' => 'keep-alive',
  'host' => 'aioq.cn',
  'content-type' => '',
  'content-length' => '',
)
[ info ] [ PARAM ] array (
)
[ info ] [ VIEW ] /home/wwwroot/study/application/admin/view/login/login.html [ array (
) ]
---------------------------------------------------------------
[2019-07-13T12:25:48+08:00] 34.212.229.146 GET aioq.cn/
[运行时间：0.020509s] [吞吐率：48.76req/s] [内存消耗：2,109.38kb] [文件加载：66]
[ info ] [ LANG ] /home/wwwroot/study/thinkphp/lang/zh-cn.php
[ info ] [ ROUTE ] array (
)
[ info ] [ HEADER ] array (
  'accept-encoding' => 'gzip',
  'user-agent' => 'Go-http-client/1.1',
  'host' => 'aioq.cn',
  'content-type' => '',
  'content-length' => '',
)
[ info ] [ PARAM ] array (
)
[ error ] [0]模板文件不存在:/home/wwwroot/study/application/index/view/index/index.html[/home/wwwroot/study/thinkphp/library/think/view/driver/Think.php:86]
---------------------------------------------------------------
[2019-07-13T14:16:21+08:00] 47.92.120.136 GET aioq.cn/
[运行时间：0.020188s] [吞吐率：49.53req/s] [内存消耗：2,109.70kb] [文件加载：66]
[ info ] [ LANG ] /home/wwwroot/study/thinkphp/lang/zh-cn.php
[ info ] [ ROUTE ] array (
)
[ info ] [ HEADER ] array (
  'accept-encoding' => 'gzip',
  'connection' => 'Keep-Alive',
  'host' => 'aioq.cn',
  'user-agent' => 'Mozilla/5.0 (iPhone; CPU iPhone OS 8_0_2 like Mac OS X)',
  'content-type' => '',
  'content-length' => '',
)
[ info ] [ PARAM ] array (
)
[ error ] [0]模板文件不存在:/home/wwwroot/study/application/index/view/index/index.html[/home/wwwroot/study/thinkphp/library/think/view/driver/Think.php:86]
---------------------------------------------------------------
[2019-07-13T16:55:37+08:00] 185.6.9.205 GET aioq.cn/
[运行时间：0.020390s] [吞吐率：49.04req/s] [内存消耗：2,109.38kb] [文件加载：66]
[ info ] [ LANG ] /home/wwwroot/study/thinkphp/lang/zh-cn.php
[ info ] [ ROUTE ] array (
)
[ info ] [ HEADER ] array (
  'host' => 'aioq.cn',
  'user-agent' => '(info@domaincrawler.com; http://www.domaincrawler.com/aioq.cn)',
  'content-type' => '',
  'content-length' => '',
)
[ info ] [ PARAM ] array (
)
[ error ] [0]模板文件不存在:/home/wwwroot/study/application/index/view/index/index.html[/home/wwwroot/study/thinkphp/library/think/view/driver/Think.php:86]
---------------------------------------------------------------
[2019-07-13T17:10:08+08:00] 47.92.120.136 GET aioq.cn/
[运行时间：0.020359s] [吞吐率：49.12req/s] [内存消耗：2,109.70kb] [文件加载：66]
[ info ] [ LANG ] /home/wwwroot/study/thinkphp/lang/zh-cn.php
[ info ] [ ROUTE ] array (
)
[ info ] [ HEADER ] array (
  'accept-encoding' => 'gzip',
  'connection' => 'Keep-Alive',
  'host' => 'aioq.cn',
  'user-agent' => 'Mozilla/5.0 (Linux; Android 4.1.1; Nexus 7 Build/JRO03D))',
  'content-type' => '',
  'content-length' => '',
)
[ info ] [ PARAM ] array (
)
[ error ] [0]模板文件不存在:/home/wwwroot/study/application/index/view/index/index.html[/home/wwwroot/study/thinkphp/library/think/view/driver/Think.php:86]
---------------------------------------------------------------
[2019-07-13T21:51:51+08:00] 123.55.58.41 GET aioq.cn/admin/Login/login
[运行时间：0.020638s] [吞吐率：48.45req/s] [内存消耗：2,063.90kb] [文件加载：64]
[ info ] [ LANG ] /home/wwwroot/study/thinkphp/lang/zh-cn.php
[ info ] [ ROUTE ] array (
)
[ info ] [ HEADER ] array (
  'cookie' => 'PHPSESSID=meuibssj8an3ubm032rv9567as',
  'accept-language' => 'zh-CN,zh;q=0.9',
  'accept-encoding' => 'gzip, deflate',
  'referer' => 'http://aioq.cn/admin/Login/login',
  'accept' => 'text/html,application/xhtml+xml,application/xml;q=0.9,image/webp,image/apng,*/*;q=0.8,application/signed-exchange;v=b3',
  'user-agent' => 'Mozilla/5.0 (Windows NT 10.0; Win64; x64) AppleWebKit/537.36 (KHTML, like Gecko) Chrome/75.0.3770.100 Safari/537.36',
  'upgrade-insecure-requests' => '1',
  'cache-control' => 'max-age=0',
  'connection' => 'keep-alive',
  'host' => 'aioq.cn',
  'content-type' => '',
  'content-length' => '',
)
[ info ] [ PARAM ] array (
)
[ info ] [ VIEW ] /home/wwwroot/study/application/admin/view/login/login.html [ array (
) ]
