---------------------------------------------------------------
[2019-07-17T11:19:20+08:00] 218.202.3.178 GET aioq.cn/
[运行时间：0.021034s] [吞吐率：47.54req/s] [内存消耗：2,111.06kb] [文件加载：66]
[ info ] [ LANG ] /home/wwwroot/study/thinkphp/lang/zh-cn.php
[ info ] [ ROUTE ] array (
)
[ info ] [ HEADER ] array (
  'connection' => 'Keep-Alive',
  'accept-language' => 'zh-CN,zh;q=0.9,en-US;q=0.8,en;q=0.7,zh-TW;q=0.6',
  'accept' => 'text/html,application/xhtml+xml,application/xml;q=0.9,image/webp,image/apng,*/*;q=0.8,application/signed-exchange;v=b3',
  'upgrade-insecure-requests' => '1',
  'host' => 'aioq.cn',
  'user-agent' => 'Mozilla/5.0 (Windows NT 10.0; Win64; x64) AppleWebKit/537.36 (KHTML, like Gecko) Chrome/75.0.3770.142 Safari/537.36',
  'via' => '1.1 PROXY01',
  'content-type' => '',
  'content-length' => '',
)
[ info ] [ PARAM ] array (
)
[ error ] [0]模板文件不存在:/home/wwwroot/study/application/index/view/index/index.html[/home/wwwroot/study/thinkphp/library/think/view/driver/Think.php:86]
---------------------------------------------------------------
[2019-07-17T11:21:14+08:00] 218.202.3.178 GET aioq.cn/user/index
[运行时间：0.015498s] [吞吐率：64.52req/s] [内存消耗：1,650.27kb] [文件加载：53]
[ info ] [ LANG ] /home/wwwroot/study/thinkphp/lang/zh-cn.php
---------------------------------------------------------------
[2019-07-17T11:21:21+08:00] 218.202.3.178 GET aioq.cn/User/index
[运行时间：0.015309s] [吞吐率：65.32req/s] [内存消耗：1,650.27kb] [文件加载：53]
[ info ] [ LANG ] /home/wwwroot/study/thinkphp/lang/zh-cn.php
---------------------------------------------------------------
[2019-07-17T11:33:44+08:00] 218.202.3.178 GET aioq.cn/User/index
[运行时间：0.016223s] [吞吐率：61.64req/s] [内存消耗：1,650.27kb] [文件加载：53]
[ info ] [ LANG ] /home/wwwroot/study/thinkphp/lang/zh-cn.php
---------------------------------------------------------------
[2019-07-17T11:36:53+08:00] 218.202.3.178 GET aioq.cn/User/index
[运行时间：0.015029s] [吞吐率：66.54req/s] [内存消耗：1,650.27kb] [文件加载：53]
[ info ] [ LANG ] /home/wwwroot/study/thinkphp/lang/zh-cn.php
---------------------------------------------------------------
[2019-07-17T11:36:55+08:00] 218.202.3.178 GET aioq.cn/
[运行时间：0.020142s] [吞吐率：49.65req/s] [内存消耗：2,111.07kb] [文件加载：66]
[ info ] [ LANG ] /home/wwwroot/study/thinkphp/lang/zh-cn.php
[ info ] [ ROUTE ] array (
)
[ info ] [ HEADER ] array (
  'connection' => 'Keep-Alive',
  'accept-language' => 'zh-CN,zh;q=0.9,en-US;q=0.8,en;q=0.7,zh-TW;q=0.6',
  'accept' => 'text/html,application/xhtml+xml,application/xml;q=0.9,image/webp,image/apng,*/*;q=0.8,application/signed-exchange;v=b3',
  'upgrade-insecure-requests' => '1',
  'host' => 'aioq.cn',
  'user-agent' => 'Mozilla/5.0 (Windows NT 10.0; Win64; x64) AppleWebKit/537.36 (KHTML, like Gecko) Chrome/75.0.3770.142 Safari/537.36',
  'via' => '1.1 PROXY01',
  'content-type' => '',
  'content-length' => '',
)
[ info ] [ PARAM ] array (
)
[ error ] [0]模板文件不存在:/home/wwwroot/study/application/index/view/index/index.html[/home/wwwroot/study/thinkphp/library/think/view/driver/Think.php:86]
---------------------------------------------------------------
[2019-07-17T12:07:52+08:00] 101.132.177.30 GET aioq.cn/
[运行时间：0.019378s] [吞吐率：51.61req/s] [内存消耗：2,109.70kb] [文件加载：66]
[ info ] [ LANG ] /home/wwwroot/study/thinkphp/lang/zh-cn.php
[ info ] [ ROUTE ] array (
)
[ info ] [ HEADER ] array (
  'accept-encoding' => 'gzip',
  'connection' => 'Keep-Alive',
  'host' => 'aioq.cn',
  'user-agent' => 'Mozilla/5.0 (Linux; Android 4.1.1; Nexus 7 Build/JRO03D))',
  'content-type' => '',
  'content-length' => '',
)
[ info ] [ PARAM ] array (
)
[ error ] [0]模板文件不存在:/home/wwwroot/study/application/index/view/index/index.html[/home/wwwroot/study/thinkphp/library/think/view/driver/Think.php:86]
---------------------------------------------------------------
[2019-07-17T12:09:28+08:00] 34.218.204.181 GET aioq.cn/
[运行时间：0.019598s] [吞吐率：51.03req/s] [内存消耗：2,109.38kb] [文件加载：66]
[ info ] [ LANG ] /home/wwwroot/study/thinkphp/lang/zh-cn.php
[ info ] [ ROUTE ] array (
)
[ info ] [ HEADER ] array (
  'accept-encoding' => 'gzip',
  'user-agent' => 'Go-http-client/1.1',
  'host' => 'aioq.cn',
  'content-type' => '',
  'content-length' => '',
)
[ info ] [ PARAM ] array (
)
[ error ] [0]模板文件不存在:/home/wwwroot/study/application/index/view/index/index.html[/home/wwwroot/study/thinkphp/library/think/view/driver/Think.php:86]
---------------------------------------------------------------
[2019-07-17T12:51:22+08:00] 123.55.58.149 GET aioq.cn/
[运行时间：0.020150s] [吞吐率：49.63req/s] [内存消耗：2,111.11kb] [文件加载：66]
[ info ] [ LANG ] /home/wwwroot/study/thinkphp/lang/zh-cn.php
[ info ] [ ROUTE ] array (
)
[ info ] [ HEADER ] array (
  'accept-language' => 'zh-CN,zh;q=0.9',
  'accept-encoding' => 'gzip, deflate',
  'purpose' => 'prefetch',
  'accept' => 'text/html,application/xhtml+xml,application/xml;q=0.9,image/webp,image/apng,*/*;q=0.8,application/signed-exchange;v=b3',
  'user-agent' => 'Mozilla/5.0 (Windows NT 10.0; Win64; x64) AppleWebKit/537.36 (KHTML, like Gecko) Chrome/75.0.3770.100 Safari/537.36',
  'upgrade-insecure-requests' => '1',
  'connection' => 'keep-alive',
  'host' => 'aioq.cn',
  'content-type' => '',
  'content-length' => '',
)
[ info ] [ PARAM ] array (
)
[ error ] [0]模板文件不存在:/home/wwwroot/study/application/index/view/index/index.html[/home/wwwroot/study/thinkphp/library/think/view/driver/Think.php:86]
---------------------------------------------------------------
[2019-07-17T12:51:22+08:00] 123.55.58.149 GET aioq.cn/
[运行时间：0.020580s] [吞吐率：48.59req/s] [内存消耗：2,111.08kb] [文件加载：66]
[ info ] [ LANG ] /home/wwwroot/study/thinkphp/lang/zh-cn.php
[ info ] [ ROUTE ] array (
)
[ info ] [ HEADER ] array (
  'accept-language' => 'zh-CN,zh;q=0.9',
  'accept-encoding' => 'gzip, deflate',
  'accept' => 'text/html,application/xhtml+xml,application/xml;q=0.9,image/webp,image/apng,*/*;q=0.8,application/signed-exchange;v=b3',
  'user-agent' => 'Mozilla/5.0 (Windows NT 10.0; Win64; x64) AppleWebKit/537.36 (KHTML, like Gecko) Chrome/75.0.3770.100 Safari/537.36',
  'upgrade-insecure-requests' => '1',
  'connection' => 'keep-alive',
  'host' => 'aioq.cn',
  'content-type' => '',
  'content-length' => '',
)
[ info ] [ PARAM ] array (
)
[ error ] [0]模板文件不存在:/home/wwwroot/study/application/index/view/index/index.html[/home/wwwroot/study/thinkphp/library/think/view/driver/Think.php:86]
---------------------------------------------------------------
[2019-07-17T17:56:02+08:00] 123.55.58.149 GET aioq.cn/
[运行时间：0.020204s] [吞吐率：49.50req/s] [内存消耗：2,111.11kb] [文件加载：66]
[ info ] [ LANG ] /home/wwwroot/study/thinkphp/lang/zh-cn.php
[ info ] [ ROUTE ] array (
)
[ info ] [ HEADER ] array (
  'accept-language' => 'zh-CN,zh;q=0.9',
  'accept-encoding' => 'gzip, deflate',
  'purpose' => 'prefetch',
  'accept' => 'text/html,application/xhtml+xml,application/xml;q=0.9,image/webp,image/apng,*/*;q=0.8,application/signed-exchange;v=b3',
  'user-agent' => 'Mozilla/5.0 (Windows NT 10.0; Win64; x64) AppleWebKit/537.36 (KHTML, like Gecko) Chrome/75.0.3770.100 Safari/537.36',
  'upgrade-insecure-requests' => '1',
  'connection' => 'keep-alive',
  'host' => 'aioq.cn',
  'content-type' => '',
  'content-length' => '',
)
[ info ] [ PARAM ] array (
)
[ error ] [0]模板文件不存在:/home/wwwroot/study/application/index/view/index/index.html[/home/wwwroot/study/thinkphp/library/think/view/driver/Think.php:86]
---------------------------------------------------------------
[2019-07-17T17:56:03+08:00] 123.55.58.149 GET aioq.cn/
[运行时间：0.020898s] [吞吐率：47.85req/s] [内存消耗：2,111.08kb] [文件加载：66]
[ info ] [ LANG ] /home/wwwroot/study/thinkphp/lang/zh-cn.php
[ info ] [ ROUTE ] array (
)
[ info ] [ HEADER ] array (
  'accept-language' => 'zh-CN,zh;q=0.9',
  'accept-encoding' => 'gzip, deflate',
  'accept' => 'text/html,application/xhtml+xml,application/xml;q=0.9,image/webp,image/apng,*/*;q=0.8,application/signed-exchange;v=b3',
  'user-agent' => 'Mozilla/5.0 (Windows NT 10.0; Win64; x64) AppleWebKit/537.36 (KHTML, like Gecko) Chrome/75.0.3770.100 Safari/537.36',
  'upgrade-insecure-requests' => '1',
  'connection' => 'keep-alive',
  'host' => 'aioq.cn',
  'content-type' => '',
  'content-length' => '',
)
[ info ] [ PARAM ] array (
)
[ error ] [0]模板文件不存在:/home/wwwroot/study/application/index/view/index/index.html[/home/wwwroot/study/thinkphp/library/think/view/driver/Think.php:86]
---------------------------------------------------------------
[2019-07-17T19:17:26+08:00] 42.236.99.194 GET aioq.cn/
[运行时间：0.020282s] [吞吐率：49.30req/s] [内存消耗：2,110.59kb] [文件加载：66]
[ info ] [ LANG ] /home/wwwroot/study/thinkphp/lang/zh-cn.php
[ info ] [ ROUTE ] array (
)
[ info ] [ HEADER ] array (
  'user-agent' => 'Mozilla/5.0 (Windows NT 6.1; WOW64) AppleWebKit/537.36 (KHTML, like Gecko) Chrome/50.0.2661.102 Safari/537.36; 360Spider',
  'connection' => 'Keep-Alive',
  'accept-language' => 'zh-CN',
  'accept' => '*/*',
  'cookie' => '',
  'referer' => 'http://aioq.cn/',
  'accept-encoding' => 'deflate, gzip',
  'host' => 'aioq.cn',
  'content-type' => '',
  'content-length' => '',
)
[ info ] [ PARAM ] array (
)
[ error ] [0]模板文件不存在:/home/wwwroot/study/application/index/view/index/index.html[/home/wwwroot/study/thinkphp/library/think/view/driver/Think.php:86]
