---------------------------------------------------------------
[2019-07-18T10:27:58+08:00] 123.55.58.149 GET aioq.cn/
[运行时间：0.020161s] [吞吐率：49.60req/s] [内存消耗：2,111.07kb] [文件加载：66]
[ info ] [ LANG ] /home/wwwroot/study/thinkphp/lang/zh-cn.php
[ info ] [ ROUTE ] array (
)
[ info ] [ HEADER ] array (
  'accept-language' => 'zh-CN,zh;q=0.9',
  'accept-encoding' => 'gzip, deflate',
  'accept' => 'text/html,application/xhtml+xml,application/xml;q=0.9,image/webp,image/apng,*/*;q=0.8,application/signed-exchange;v=b3',
  'user-agent' => 'Mozilla/5.0 (Windows NT 10.0; Win64; x64) AppleWebKit/537.36 (KHTML, like Gecko) Chrome/75.0.3770.142 Safari/537.36',
  'upgrade-insecure-requests' => '1',
  'connection' => 'keep-alive',
  'host' => 'aioq.cn',
  'content-type' => '',
  'content-length' => '',
)
[ info ] [ PARAM ] array (
)
[ error ] [0]模板文件不存在:/home/wwwroot/study/application/index/view/index/index.html[/home/wwwroot/study/thinkphp/library/think/view/driver/Think.php:86]
---------------------------------------------------------------
[2019-07-18T11:26:34+08:00] 88.214.3.227 GET aioq.cn/
[运行时间：0.023187s] [吞吐率：43.13req/s] [内存消耗：2,109.92kb] [文件加载：66]
[ info ] [ LANG ] /home/wwwroot/study/thinkphp/lang/zh-cn.php
[ info ] [ ROUTE ] array (
)
[ info ] [ HEADER ] array (
  'connection' => 'keep-alive',
  'user-agent' => 'Mozilla/5.0 (Macintosh; Intel Mac OS X 10_12_5) AppleWebKit/537.36 (KHTML, like Gecko) Chrome/58.0.3029.110 Safari/537.36',
  'accept-encoding' => 'gzip',
  'accept' => '*/*',
  'host' => 'aioq.cn',
  'content-type' => '',
  'content-length' => '',
)
[ info ] [ PARAM ] array (
)
[ error ] [0]模板文件不存在:/home/wwwroot/study/application/index/view/index/index.html[/home/wwwroot/study/thinkphp/library/think/view/driver/Think.php:86]
---------------------------------------------------------------
[2019-07-18T12:06:33+08:00] 54.189.198.152 GET aioq.cn/
[运行时间：0.020686s] [吞吐率：48.34req/s] [内存消耗：2,109.38kb] [文件加载：66]
[ info ] [ LANG ] /home/wwwroot/study/thinkphp/lang/zh-cn.php
[ info ] [ ROUTE ] array (
)
[ info ] [ HEADER ] array (
  'accept-encoding' => 'gzip',
  'user-agent' => 'Go-http-client/1.1',
  'host' => 'aioq.cn',
  'content-type' => '',
  'content-length' => '',
)
[ info ] [ PARAM ] array (
)
[ error ] [0]模板文件不存在:/home/wwwroot/study/application/index/view/index/index.html[/home/wwwroot/study/thinkphp/library/think/view/driver/Think.php:86]
---------------------------------------------------------------
[2019-07-18T13:19:05+08:00] 47.100.51.108 GET aioq.cn/
[运行时间：0.020418s] [吞吐率：48.98req/s] [内存消耗：2,109.70kb] [文件加载：66]
[ info ] [ LANG ] /home/wwwroot/study/thinkphp/lang/zh-cn.php
[ info ] [ ROUTE ] array (
)
[ info ] [ HEADER ] array (
  'accept-encoding' => 'gzip',
  'connection' => 'Keep-Alive',
  'host' => 'aioq.cn',
  'user-agent' => 'Mozilla/5.0 (Linux; Android 4.1.1; Nexus 7 Build/JRO03D))',
  'content-type' => '',
  'content-length' => '',
)
[ info ] [ PARAM ] array (
)
[ error ] [0]模板文件不存在:/home/wwwroot/study/application/index/view/index/index.html[/home/wwwroot/study/thinkphp/library/think/view/driver/Think.php:86]
---------------------------------------------------------------
[2019-07-18T13:21:47+08:00] 176.100.191.79 GET aioq.cn/
[运行时间：0.020999s] [吞吐率：47.62req/s] [内存消耗：2,110.16kb] [文件加载：66]
[ info ] [ LANG ] /home/wwwroot/study/thinkphp/lang/zh-cn.php
[ info ] [ ROUTE ] array (
)
[ info ] [ HEADER ] array (
  'connection' => 'close',
  'host' => 'aioq.cn',
  'referer' => 'https://xn-----blcibkwkfyhdmsc3bf5l.xn--p1ai/',
  'user-agent' => 'Mozilla/5.0 (Windows NT 10.0; Win64; x64) AppleWebKit/537.36 (KHTML, like Gecko) Chrome/68.0.3440.75 Safari/537.36',
  'accept' => 'text/html,application/xhtml+xml,application/xml;q=0.9,image/webp,*/*;q=0.8',
  'content-type' => '',
  'content-length' => '',
)
[ info ] [ PARAM ] array (
)
[ error ] [0]模板文件不存在:/home/wwwroot/study/application/index/view/index/index.html[/home/wwwroot/study/thinkphp/library/think/view/driver/Think.php:86]
---------------------------------------------------------------
[2019-07-18T13:21:48+08:00] 176.100.191.79 GET aioq.cn/
[运行时间：0.019557s] [吞吐率：51.13req/s] [内存消耗：2,110.16kb] [文件加载：66]
[ info ] [ LANG ] /home/wwwroot/study/thinkphp/lang/zh-cn.php
[ info ] [ ROUTE ] array (
)
[ info ] [ HEADER ] array (
  'connection' => 'close',
  'host' => 'aioq.cn',
  'referer' => 'https://xn-----blcibkwkfyhdmsc3bf5l.xn--p1ai/',
  'user-agent' => 'Mozilla/5.0 (Windows NT 6.1) AppleWebKit/537.36 (KHTML, like Gecko) Chrome/67.0.3396.99 Safari/537.36',
  'accept' => 'text/html,application/xhtml+xml,application/xml;q=0.9,image/webp,*/*;q=0.8',
  'content-type' => '',
  'content-length' => '',
)
[ info ] [ PARAM ] array (
)
[ error ] [0]模板文件不存在:/home/wwwroot/study/application/index/view/index/index.html[/home/wwwroot/study/thinkphp/library/think/view/driver/Think.php:86]
---------------------------------------------------------------
[2019-07-18T13:21:49+08:00] 176.100.191.79 GET aioq.cn/
[运行时间：0.024632s] [吞吐率：40.60req/s] [内存消耗：2,110.16kb] [文件加载：66]
[ info ] [ LANG ] /home/wwwroot/study/thinkphp/lang/zh-cn.php
[ info ] [ ROUTE ] array (
)
[ info ] [ HEADER ] array (
  'connection' => 'close',
  'host' => 'aioq.cn',
  'referer' => 'https://xn-----blcibkwkfyhdmsc3bf5l.xn--p1ai/',
  'user-agent' => 'Mozilla/5.0 (Windows NT 10.0; Win64; x64) AppleWebKit/537.36 (KHTML, like Gecko) Chrome/65.0.3325.181 Safari/537.36',
  'accept' => 'text/html,application/xhtml+xml,application/xml;q=0.9,image/webp,*/*;q=0.8',
  'content-type' => '',
  'content-length' => '',
)
[ info ] [ PARAM ] array (
)
[ error ] [0]模板文件不存在:/home/wwwroot/study/application/index/view/index/index.html[/home/wwwroot/study/thinkphp/library/think/view/driver/Think.php:86]
---------------------------------------------------------------
[2019-07-18T13:21:49+08:00] 176.100.191.79 GET aioq.cn/
[运行时间：0.020438s] [吞吐率：48.93req/s] [内存消耗：2,110.29kb] [文件加载：66]
[ info ] [ LANG ] /home/wwwroot/study/thinkphp/lang/zh-cn.php
[ info ] [ ROUTE ] array (
)
[ info ] [ HEADER ] array (
  'connection' => 'close',
  'host' => 'aioq.cn',
  'referer' => 'https://xn-----blcibkwkfyhdmsc3bf5l.xn--p1ai/',
  'user-agent' => 'Mozilla/5.0 (Windows NT 6.1; WOW64) AppleWebKit/537.36 (KHTML, like Gecko) Chrome/67.0.3396.87 Safari/537.36 OPR/54.0.2952.64 (Edition Yx)',
  'accept' => 'text/html,application/xhtml+xml,application/xml;q=0.9,image/webp,*/*;q=0.8',
  'content-type' => '',
  'content-length' => '',
)
[ info ] [ PARAM ] array (
)
[ error ] [0]模板文件不存在:/home/wwwroot/study/application/index/view/index/index.html[/home/wwwroot/study/thinkphp/library/think/view/driver/Think.php:86]
---------------------------------------------------------------
[2019-07-18T21:57:39+08:00] 100.43.85.103 GET aioq.cn/
[运行时间：0.020396s] [吞吐率：49.03req/s] [内存消耗：2,109.95kb] [文件加载：66]
[ info ] [ LANG ] /home/wwwroot/study/thinkphp/lang/zh-cn.php
[ info ] [ ROUTE ] array (
)
[ info ] [ HEADER ] array (
  'accept' => '*/*',
  'accept-encoding' => 'gzip,deflate',
  'from' => 'support@search.yandex.ru',
  'user-agent' => 'Mozilla/5.0 (compatible; YandexBot/3.0; +http://yandex.com/bots)',
  'connection' => 'Keep-Alive',
  'host' => 'aioq.cn',
  'content-type' => '',
  'content-length' => '',
)
[ info ] [ PARAM ] array (
)
[ error ] [0]模板文件不存在:/home/wwwroot/study/application/index/view/index/index.html[/home/wwwroot/study/thinkphp/library/think/view/driver/Think.php:86]
---------------------------------------------------------------
[2019-07-18T23:37:22+08:00] 13.229.126.229 GET aioq.cn/
[运行时间：0.020711s] [吞吐率：48.28req/s] [内存消耗：2,110.34kb] [文件加载：66]
[ info ] [ LANG ] /home/wwwroot/study/thinkphp/lang/zh-cn.php
[ info ] [ ROUTE ] array (
)
[ info ] [ HEADER ] array (
  'connection' => 'close',
  'host' => 'aioq.cn',
  'user-agent' => 'Mozilla/5.0 (Windows NT 10.0; Win64; x64) AppleWebKit/537.36 (KHTML, like Gecko) Chrome/74.0.3729.131 Safari/537.36',
  'accept-language' => 'en-US,en;q=0.9',
  'accept-encoding' => 'gzip, deflate',
  'accept' => 'text/html,application/xhtml+xml,application/xml;q=0.9,image/webp,image/apng,*/*',
  'content-type' => '',
  'content-length' => '',
)
[ info ] [ PARAM ] array (
)
[ error ] [0]模板文件不存在:/home/wwwroot/study/application/index/view/index/index.html[/home/wwwroot/study/thinkphp/library/think/view/driver/Think.php:86]
